<?xml version="1.0" encoding="UTF-8"?>
<testsuite xmlns:xsi="http://www.w3.org/2001/XMLSchema-instance" xsi:noNamespaceSchemaLocation="https://maven.apache.org/surefire/maven-surefire-plugin/xsd/surefire-test-report.xsd" name="CalcTest" time="0.165" tests="11" errors="0" skipped="0" failures="0">
  <properties>
[...]
</properties>
  <testcase name="testParseCalc3" classname="CalcTest" time="0.11"/>
  <testcase name="testParseCalc4" classname="CalcTest" time="0.001"/>
  <testcase name="testParseCalc5" classname="CalcTest" time="0.007"/>
  <testcase name="testParseCalcQuestionText" classname="CalcTest" time="0"/>
  <testcase name="testParseCalcStress" classname="CalcTest" time="0.001"/>
  <testcase name="testParseError1" classname="CalcTest" time="0.002"/>
  <testcase name="testParseError2" classname="CalcTest" time="0.001"/>
  <testcase name="testParseError3" classname="CalcTest" time="0.003"/>
  <testcase name="testParseError4" classname="CalcTest" time="0.001"/>
  <testcase name="testParseCalc1" classname="CalcTest" time="0.001"/>
  <testcase name="testParseCalc2" classname="CalcTest" time="0.001"/>
</testsuite>